#
# There is insufficient memory for the Java Runtime Environment to continue.
# Native memory allocation (malloc) failed to allocate 835216 bytes for Chunk::new
# Possible reasons:
#   The system is out of physical RAM or swap space
#   In 32 bit mode, the process size limit was hit
# Possible solutions:
#   Reduce memory load on the system
#   Increase physical memory or swap space
#   Check if swap backing store is full
#   Use 64 bit Java on a 64 bit OS
#   Decrease Java heap size (-Xmx/-Xms)
#   Decrease number of Java threads
#   Decrease Java thread stack sizes (-Xss)
#   Set larger code cache with -XX:ReservedCodeCacheSize=
# This output file may be truncated or incomplete.
#
#  Out of Memory Error (allocation.cpp:390), pid=4420, tid=0x0000000000000484
#
# JRE version: Java(TM) SE Runtime Environment (8.0_161-b12) (build 1.8.0_161-b12)
# Java VM: Java HotSpot(TM) 64-Bit Server VM (25.161-b12 mixed mode windows-amd64 compressed oops)
# Failed to write core dump. Minidumps are not enabled by default on client versions of Windows
#

---------------  T H R E A D  ---------------

Current thread (0x0000000019491000):  JavaThread "C2 CompilerThread0" daemon [_thread_in_native, id=1156, stack(0x0000000019ee0000,0x0000000019fe0000)]

Stack: [0x0000000019ee0000,0x0000000019fe0000]
[error occurred during error reporting (printing stack bounds), id 0xc0000005]

Native frames: (J=compiled Java code, j=interpreted, Vv=VM code, C=native code)


Current CompileTask:
C2: 271036 12014       4       org.eclipse.e4.core.internal.contexts.EclipseContext::invalidate (234 bytes)


---------------  P R O C E S S  ---------------

Java Threads: ( => current thread )
  0x0000000022a21000 JavaThread "Process monitor" daemon [_thread_in_native, id=8044, stack(0x000000002a4c0000,0x000000002a5c0000)]
  0x0000000022a28000 JavaThread "Input Stream Monitor" daemon [_thread_blocked, id=6236, stack(0x000000002a1b0000,0x000000002a2b0000)]
  0x0000000022a23800 JavaThread "Output Stream Monitor" daemon [_thread_in_native, id=12116, stack(0x0000000023100000,0x0000000023200000)]
  0x0000000022a25000 JavaThread "Output Stream Monitor" daemon [_thread_in_native, id=1964, stack(0x000000001ea30000,0x000000001eb30000)]
  0x0000000022a22000 JavaThread "Worker-15: Reveal End of Document" [_thread_in_Java, id=4260, stack(0x0000000023200000,0x0000000023300000)]
  0x0000000022a27000 JavaThread "Worker-14" [_thread_blocked, id=12716, stack(0x000000001d220000,0x000000001d320000)]
  0x0000000022a26800 JavaThread "Worker-13" [_thread_blocked, id=12548, stack(0x000000001d120000,0x000000001d220000)]
  0x0000000022a25800 JavaThread "Worker-12: Process Console Input Job" [_thread_blocked, id=11724, stack(0x0000000000b60000,0x0000000000c60000)]
  0x0000000022a2b000 JavaThread "Provisioning Event Dispatcher" daemon [_thread_blocked, id=12416, stack(0x000000002d900000,0x000000002da00000)]
  0x0000000022a29800 JavaThread "Thread-9" [_thread_blocked, id=15992, stack(0x000000002b1f0000,0x000000002b2f0000)]
  0x0000000022a20800 JavaThread "Worker-2" [_thread_blocked, id=9116, stack(0x000000002a2b0000,0x000000002a3b0000)]
  0x000000001b230000 JavaThread "EventAdmin Async Event Dispatcher Thread" daemon [_thread_blocked, id=7476, stack(0x000000002a0b0000,0x000000002a1b0000)]
  0x000000001b236000 JavaThread "org.eclipse.jdt.internal.ui.text.JavaReconciler" daemon [_thread_blocked, id=18060, stack(0x0000000027e00000,0x0000000027f00000)]
  0x000000001b234800 JavaThread "Java indexing" daemon [_thread_blocked, id=10632, stack(0x000000001c1b0000,0x000000001c2b0000)]
  0x000000001b232800 JavaThread "Bundle File Closer" daemon [_thread_blocked, id=12728, stack(0x000000001cbf0000,0x000000001ccf0000)]
  0x000000001b231800 JavaThread "Gogo shell" [_thread_blocked, id=19252, stack(0x000000001ccf0000,0x000000001cdf0000)]
  0x000000001b37b000 JavaThread "EMF Reference Cleaner" daemon [_thread_blocked, id=13280, stack(0x000000001c8f0000,0x000000001c9f0000)]
  0x000000001af56000 JavaThread "Worker-JM" [_thread_blocked, id=13796, stack(0x000000001c7f0000,0x000000001c8f0000)]
  0x000000001ad46000 JavaThread "SCR Component Actor" daemon [_thread_blocked, id=8492, stack(0x000000001beb0000,0x000000001bfb0000)]
  0x000000001ad5b000 JavaThread "Start Level: Equinox Container: b612527d-6796-4119-8164-e3c8199c4a03" daemon [_thread_blocked, id=19220, stack(0x000000001bdb0000,0x000000001beb0000)]
  0x000000001ad52000 JavaThread "Framework Event Dispatcher: Equinox Container: b612527d-6796-4119-8164-e3c8199c4a03" daemon [_thread_blocked, id=18236, stack(0x000000001bcb0000,0x000000001bdb0000)]
  0x000000001a7ff800 JavaThread "Active Thread: Equinox Container: b612527d-6796-4119-8164-e3c8199c4a03" [_thread_blocked, id=1992, stack(0x000000001bbb0000,0x000000001bcb0000)]
  0x00000000194b5000 JavaThread "Service Thread" daemon [_thread_blocked, id=14300, stack(0x000000001a1e0000,0x000000001a2e0000)]
  0x0000000019498800 JavaThread "C1 CompilerThread2" daemon [_thread_blocked, id=14720, stack(0x000000001a0e0000,0x000000001a1e0000)]
  0x0000000019497000 JavaThread "C2 CompilerThread1" daemon [_thread_blocked, id=7008, stack(0x0000000019fe0000,0x000000001a0e0000)]
=>0x0000000019491000 JavaThread "C2 CompilerThread0" daemon [_thread_in_native, id=1156, stack(0x0000000019ee0000,0x0000000019fe0000)]
  0x0000000019490800 JavaThread "Attach Listener" daemon [_thread_blocked, id=13572, stack(0x0000000019de0000,0x0000000019ee0000)]
  0x000000001948b800 JavaThread "Signal Dispatcher" daemon [_thread_blocked, id=12524, stack(0x0000000019ce0000,0x0000000019de0000)]
  0x000000001948a800 JavaThread "Surrogate Locker Thread (Concurrent GC)" daemon [_thread_blocked, id=13804, stack(0x0000000019be0000,0x0000000019ce0000)]
  0x000000001942a800 JavaThread "Finalizer" daemon [_thread_blocked, id=5060, stack(0x00000000199e0000,0x0000000019ae0000)]
  0x0000000019422000 JavaThread "Reference Handler" daemon [_thread_blocked, id=9996, stack(0x00000000198e0000,0x00000000199e0000)]
  0x00000000036b1000 JavaThread "main" [_thread_in_native, id=16244, stack(0x0000000000820000,0x0000000000920000)]

Other Threads:
  0x00000000187bc000 VMThread [stack: 0x00000000196e0000,0x00000000197e0000] [id=6576]
  0x000000001953d000 WatcherThread [stack: 0x000000001a2e0000,0x000000001a3e0000] [id=19808]

VM state:not at safepoint (normal execution)

VM Mutex/Monitor currently owned by a thread: None

Heap:
 garbage-first heap   total 262144K, used 163328K [0x00000000c0000000, 0x00000000c0100800, 0x0000000100000000)
  region size 1024K, 52 young (53248K), 11 survivors (11264K)
 Metaspace       used 97576K, capacity 107598K, committed 107976K, reserved 1142784K
  class space    used 11748K, capacity 14436K, committed 14564K, reserved 1048576K

Heap Regions: (Y=young(eden), SU=young(survivor), HS=humongous(starts), HC=humongous(continues), CS=collection set, F=free, TS=gc time stamp, PTAMS=previous top-at-mark-start, NTAMS=next top-at-mark-start)
AC   0  O    TS     0 PTAMS 0x00000000c0100000 NTAMS 0x00000000c0100000 space 1024K, 100% used [0x00000000c0000000, 0x00000000c0100000)
AC   0  O    TS     0 PTAMS 0x00000000c0200000 NTAMS 0x00000000c0200000 space 1024K, 100% used [0x00000000c0100000, 0x00000000c0200000)
AC   0  O    TS     0 PTAMS 0x00000000c0300000 NTAMS 0x00000000c0300000 space 1024K, 100% used [0x00000000c0200000, 0x00000000c0300000)
AC   0  O    TS     0 PTAMS 0x00000000c0400000 NTAMS 0x00000000c0400000 space 1024K, 100% used [0x00000000c0300000, 0x00000000c0400000)
AC   0  O    TS     0 PTAMS 0x00000000c0500000 NTAMS 0x00000000c0500000 space 1024K, 100% used [0x00000000c0400000, 0x00000000c0500000)
AC   0  O    TS     0 PTAMS 0x00000000c0600000 NTAMS 0x00000000c0600000 space 1024K, 100% used [0x00000000c0500000, 0x00000000c0600000)
AC   0  O    TS     0 PTAMS 0x00000000c0700000 NTAMS 0x00000000c0700000 space 1024K, 100% used [0x00000000c0600000, 0x00000000c0700000)
AC   0  O    TS     0 PTAMS 0x00000000c0800000 NTAMS 0x00000000c0800000 space 1024K, 100% used [0x00000000c0700000, 0x00000000c0800000)
AC   0  O    TS     0 PTAMS 0x00000000c0900000 NTAMS 0x00000000c0900000 space 1024K, 100% used [0x00000000c0800000, 0x00000000c0900000)
AC   0  O    TS     0 PTAMS 0x00000000c0a00000 NTAMS 0x00000000c0a00000 space 1024K, 100% used [0x00000000c0900000, 0x00000000c0a00000)
AC   0  O    TS     0 PTAMS 0x00000000c0b00000 NTAMS 0x00000000c0b00000 space 1024K, 100% used [0x00000000c0a00000, 0x00000000c0b00000)
AC   0  O    TS     0 PTAMS 0x00000000c0c00000 NTAMS 0x00000000c0c00000 space 1024K, 100% used [0x00000000c0b00000, 0x00000000c0c00000)
AC   0  O    TS     0 PTAMS 0x00000000c0d00000 NTAMS 0x00000000c0d00000 space 1024K, 100% used [0x00000000c0c00000, 0x00000000c0d00000)
AC   0  F    TS     0 PTAMS 0x00000000c0d00000 NTAMS 0x00000000c0d00000 space 1024K,   0% used [0x00000000c0d00000, 0x00000000c0e00000)
AC   0  F    TS     0 PTAMS 0x00000000c0e00000 NTAMS 0x00000000c0e00000 space 1024K,   0% used [0x00000000c0e00000, 0x00000000c0f00000)
AC   0  O    TS     0 PTAMS 0x00000000c1000000 NTAMS 0x00000000c1000000 space 1024K, 100% used [0x00000000c0f00000, 0x00000000c1000000)
AC   0  O    TS     0 PTAMS 0x00000000c1100000 NTAMS 0x00000000c1100000 space 1024K, 100% used [0x00000000c1000000, 0x00000000c1100000)
AC   0  O    TS     0 PTAMS 0x00000000c1200000 NTAMS 0x00000000c1200000 space 1024K, 100% used [0x00000000c1100000, 0x00000000c1200000)
AC   0  O    TS     0 PTAMS 0x00000000c1300000 NTAMS 0x00000000c1300000 space 1024K, 100% used [0x00000000c1200000, 0x00000000c1300000)
AC   0  O    TS     0 PTAMS 0x00000000c1400000 NTAMS 0x00000000c1400000 space 1024K, 100% used [0x00000000c1300000, 0x00000000c1400000)
AC   0  O    TS     0 PTAMS 0x00000000c1500000 NTAMS 0x00000000c1500000 space 1024K, 100% used [0x00000000c1400000, 0x00000000c1500000)
AC   0  O    TS     0 PTAMS 0x00000000c1600000 NTAMS 0x00000000c1600000 space 1024K, 100% used [0x00000000c1500000, 0x00000000c1600000)
AC   0  O    TS     0 PTAMS 0x00000000c1700000 NTAMS 0x00000000c1700000 space 1024K, 100% used [0x00000000c1600000, 0x00000000c1700000)
AC   0  O    TS     0 PTAMS 0x00000000c1800000 NTAMS 0x00000000c1800000 space 1024K, 100% used [0x00000000c1700000, 0x00000000c1800000)
AC   0  O    TS     0 PTAMS 0x00000000c1900000 NTAMS 0x00000000c1900000 space 1024K, 100% used [0x00000000c1800000, 0x00000000c1900000)
AC   0  O    TS     0 PTAMS 0x00000000c1a00000 NTAMS 0x00000000c1a00000 space 1024K, 100% used [0x00000000c1900000, 0x00000000c1a00000)
AC   0  O    TS     0 PTAMS 0x00000000c1b00000 NTAMS 0x00000000c1b00000 space 1024K, 100% used [0x00000000c1a00000, 0x00000000c1b00000)
AC   0  O    TS     0 PTAMS 0x00000000c1c00000 NTAMS 0x00000000c1c00000 space 1024K, 100% used [0x00000000c1b00000, 0x00000000c1c00000)
AC   0  O    TS     0 PTAMS 0x00000000c1d00000 NTAMS 0x00000000c1d00000 space 1024K, 100% used [0x00000000c1c00000, 0x00000000c1d00000)
AC   0  O    TS     0 PTAMS 0x00000000c1e00000 NTAMS 0x00000000c1e00000 space 1024K, 100% used [0x00000000c1d00000, 0x00000000c1e00000)
AC   0  O    TS     0 PTAMS 0x00000000c1f00000 NTAMS 0x00000000c1f00000 space 1024K, 100% used [0x00000000c1e00000, 0x00000000c1f00000)
AC   0  O    TS     0 PTAMS 0x00000000c2000000 NTAMS 0x00000000c2000000 space 1024K, 100% used [0x00000000c1f00000, 0x00000000c2000000)
AC   0  O    TS     0 PTAMS 0x00000000c2100000 NTAMS 0x00000000c2100000 space 1024K, 100% used [0x00000000c2000000, 0x00000000c2100000)
AC   0  O    TS     0 PTAMS 0x00000000c2200000 NTAMS 0x00000000c2200000 space 1024K, 100% used [0x00000000c2100000, 0x00000000c2200000)
AC   0  O    TS     0 PTAMS 0x00000000c2300000 NTAMS 0x00000000c2300000 space 1024K, 100% used [0x00000000c2200000, 0x00000000c2300000)
AC   0  O    TS     0 PTAMS 0x00000000c2400000 NTAMS 0x00000000c2400000 space 1024K, 100% used [0x00000000c2300000, 0x00000000c2400000)
AC   0  O    TS     0 PTAMS 0x00000000c2500000 NTAMS 0x00000000c2500000 space 1024K, 100% used [0x00000000c2400000, 0x00000000c2500000)
AC   0  O    TS     0 PTAMS 0x00000000c2600000 NTAMS 0x00000000c2600000 space 1024K, 100% used [0x00000000c2500000, 0x00000000c2600000)
AC   0  O    TS     0 PTAMS 0x00000000c2700000 NTAMS 0x00000000c2700000 space 1024K, 100% used [0x00000000c2600000, 0x00000000c2700000)
AC   0  O    TS     0 PTAMS 0x00000000c2800000 NTAMS 0x00000000c2800000 space 1024K, 100% used [0x00000000c2700000, 0x00000000c2800000)
AC   0  O    TS     0 PTAMS 0x00000000c2900000 NTAMS 0x00000000c2900000 space 1024K, 100% used [0x00000000c2800000, 0x00000000c2900000)
AC   0  F    TS     0 PTAMS 0x00000000c2900000 NTAMS 0x00000000c2900000 space 1024K,   0% used [0x00000000c2900000, 0x00000000c2a00000)
AC   0  F    TS     0 PTAMS 0x00000000c2a00000 NTAMS 0x00000000c2a00000 space 1024K,   0% used [0x00000000c2a00000, 0x00000000c2b00000)
AC   0  F    TS     0 PTAMS 0x00000000c2b00000 NTAMS 0x00000000c2b00000 space 1024K,   0% used [0x00000000c2b00000, 0x00000000c2c00000)
AC   0  F    TS     0 PTAMS 0x00000000c2c00000 NTAMS 0x00000000c2c00000 space 1024K,   0% used [0x00000000c2c00000, 0x00000000c2d00000)
AC   0  O    TS     0 PTAMS 0x00000000c2e00000 NTAMS 0x00000000c2e00000 space 1024K, 100% used [0x00000000c2d00000, 0x00000000c2e00000)
AC   0 HS    TS     0 PTAMS 0x00000000c2e80010 NTAMS 0x00000000c2e80010 space 1024K,  50% used [0x00000000c2e00000, 0x00000000c2f00000)
AC   0  O    TS     0 PTAMS 0x00000000c3000000 NTAMS 0x00000000c3000000 space 1024K, 100% used [0x00000000c2f00000, 0x00000000c3000000)
AC   0  O    TS     0 PTAMS 0x00000000c3100000 NTAMS 0x00000000c3100000 space 1024K, 100% used [0x00000000c3000000, 0x00000000c3100000)
AC   0  O    TS     0 PTAMS 0x00000000c3200000 NTAMS 0x00000000c3200000 space 1024K, 100% used [0x00000000c3100000, 0x00000000c3200000)
AC   0  O    TS     0 PTAMS 0x00000000c3300000 NTAMS 0x00000000c3300000 space 1024K, 100% used [0x00000000c3200000, 0x00000000c3300000)
AC   0  O    TS     0 PTAMS 0x00000000c3400000 NTAMS 0x00000000c3400000 space 1024K, 100% used [0x00000000c3300000, 0x00000000c3400000)
AC   0  O    TS     0 PTAMS 0x00000000c3500000 NTAMS 0x00000000c3500000 space 1024K, 100% used [0x00000000c3400000, 0x00000000c3500000)
AC   0  O    TS     0 PTAMS 0x00000000c3600000 NTAMS 0x00000000c3600000 space 1024K, 100% used [0x00000000c3500000, 0x00000000c3600000)
AC   0  O    TS     0 PTAMS 0x00000000c3700000 NTAMS 0x00000000c3700000 space 1024K, 100% used [0x00000000c3600000, 0x00000000c3700000)
AC   0  F    TS     0 PTAMS 0x00000000c3700000 NTAMS 0x00000000c3700000 space 1024K,   0% used [0x00000000c3700000, 0x00000000c3800000)
AC   0  F    TS     0 PTAMS 0x00000000c3800000 NTAMS 0x00000000c3800000 space 1024K,   0% used [0x00000000c3800000, 0x00000000c3900000)
AC   0  F    TS     0 PTAMS 0x00000000c3900000 NTAMS 0x00000000c3900000 space 1024K,   0% used [0x00000000c3900000, 0x00000000c3a00000)
AC   0  F    TS     0 PTAMS 0x00000000c3a00000 NTAMS 0x00000000c3a00000 space 1024K,   0% used [0x00000000c3a00000, 0x00000000c3b00000)
AC   0  O    TS     0 PTAMS 0x00000000c3c00000 NTAMS 0x00000000c3c00000 space 1024K, 100% used [0x00000000c3b00000, 0x00000000c3c00000)
AC   0  F    TS     0 PTAMS 0x00000000c3c00000 NTAMS 0x00000000c3c00000 space 1024K,   0% used [0x00000000c3c00000, 0x00000000c3d00000)
AC   0  F    TS     0 PTAMS 0x00000000c3d00000 NTAMS 0x00000000c3d00000 space 1024K,   0% used [0x00000000c3d00000, 0x00000000c3e00000)
AC   0  F    TS     0 PTAMS 0x00000000c3e00000 NTAMS 0x00000000c3e00000 space 1024K,   0% used [0x00000000c3e00000, 0x00000000c3f00000)
AC   0  F    TS     0 PTAMS 0x00000000c3f00000 NTAMS 0x00000000c3f00000 space 1024K,   0% used [0x00000000c3f00000, 0x00000000c4000000)
AC   0  O    TS     0 PTAMS 0x00000000c4100000 NTAMS 0x00000000c4100000 space 1024K, 100% used [0x00000000c4000000, 0x00000000c4100000)
AC   0  O    TS     0 PTAMS 0x00000000c4200000 NTAMS 0x00000000c4200000 space 1024K, 100% used [0x00000000c4100000, 0x00000000c4200000)
AC   0  O    TS     0 PTAMS 0x00000000c4300000 NTAMS 0x00000000c4300000 space 1024K, 100% used [0x00000000c4200000, 0x00000000c4300000)
AC   0  F    TS     0 PTAMS 0x00000000c4300000 NTAMS 0x00000000c4300000 space 1024K,   0% used [0x00000000c4300000, 0x00000000c4400000)
AC   0  F    TS     0 PTAMS 0x00000000c4400000 NTAMS 0x00000000c4400000 space 1024K,   0% used [0x00000000c4400000, 0x00000000c4500000)
AC   0  O    TS     0 PTAMS 0x00000000c4600000 NTAMS 0x00000000c4600000 space 1024K, 100% used [0x00000000c4500000, 0x00000000c4600000)
AC   0  O    TS     0 PTAMS 0x00000000c4700000 NTAMS 0x00000000c4700000 space 1024K, 100% used [0x00000000c4600000, 0x00000000c4700000)
AC   0  O    TS     0 PTAMS 0x00000000c4800000 NTAMS 0x00000000c4800000 space 1024K, 100% used [0x00000000c4700000, 0x00000000c4800000)
AC   0  O    TS     0 PTAMS 0x00000000c4900000 NTAMS 0x00000000c4900000 space 1024K, 100% used [0x00000000c4800000, 0x00000000c4900000)
AC   0  O    TS     0 PTAMS 0x00000000c4a00000 NTAMS 0x00000000c4a00000 space 1024K, 100% used [0x00000000c4900000, 0x00000000c4a00000)
AC   0  O    TS     0 PTAMS 0x00000000c4b00000 NTAMS 0x00000000c4b00000 space 1024K, 100% used [0x00000000c4a00000, 0x00000000c4b00000)
AC   0  O    TS     0 PTAMS 0x00000000c4c00000 NTAMS 0x00000000c4c00000 space 1024K, 100% used [0x00000000c4b00000, 0x00000000c4c00000)
AC   0  O    TS     0 PTAMS 0x00000000c4d00000 NTAMS 0x00000000c4d00000 space 1024K, 100% used [0x00000000c4c00000, 0x00000000c4d00000)
AC   0  O    TS     0 PTAMS 0x00000000c4e00000 NTAMS 0x00000000c4e00000 space 1024K, 100% used [0x00000000c4d00000, 0x00000000c4e00000)
AC   0  O    TS     0 PTAMS 0x00000000c4f00000 NTAMS 0x00000000c4f00000 space 1024K, 100% used [0x00000000c4e00000, 0x00000000c4f00000)
AC   0  O    TS     0 PTAMS 0x00000000c5000000 NTAMS 0x00000000c5000000 space 1024K, 100% used [0x00000000c4f00000, 0x00000000c5000000)
AC   0  O    TS     0 PTAMS 0x00000000c5100000 NTAMS 0x00000000c5100000 space 1024K, 100% used [0x00000000c5000000, 0x00000000c5100000)
AC   0  O    TS     0 PTAMS 0x00000000c5200000 NTAMS 0x00000000c5200000 space 1024K, 100% used [0x00000000c5100000, 0x00000000c5200000)
AC   0  O    TS     0 PTAMS 0x00000000c5300000 NTAMS 0x00000000c5300000 space 1024K, 100% used [0x00000000c5200000, 0x00000000c5300000)
AC   0  O    TS     0 PTAMS 0x00000000c5400000 NTAMS 0x00000000c5400000 space 1024K, 100% used [0x00000000c5300000, 0x00000000c5400000)
AC   0  O    TS     0 PTAMS 0x00000000c5500000 NTAMS 0x00000000c5500000 space 1024K, 100% used [0x00000000c5400000, 0x00000000c5500000)
AC   0  O    TS     0 PTAMS 0x00000000c5600000 NTAMS 0x00000000c5600000 space 1024K, 100% used [0x00000000c5500000, 0x00000000c5600000)
AC   0  O    TS     0 PTAMS 0x00000000c5700000 NTAMS 0x00000000c5700000 space 1024K, 100% used [0x00000000c5600000, 0x00000000c5700000)
AC   0  O    TS     0 PTAMS 0x00000000c5800000 NTAMS 0x00000000c5800000 space 1024K, 100% used [0x00000000c5700000, 0x00000000c5800000)
AC   0  O    TS     0 PTAMS 0x00000000c5900000 NTAMS 0x00000000c5900000 space 1024K, 100% used [0x00000000c5800000, 0x00000000c5900000)
AC   0  O    TS     0 PTAMS 0x00000000c5a00000 NTAMS 0x00000000c5a00000 space 1024K, 100% used [0x00000000c5900000, 0x00000000c5a00000)
AC   0  O    TS     0 PTAMS 0x00000000c5b00000 NTAMS 0x00000000c5b00000 space 1024K, 100% used [0x00000000c5a00000, 0x00000000c5b00000)
AC   0  O    TS     0 PTAMS 0x00000000c5c00000 NTAMS 0x00000000c5c00000 space 1024K, 100% used [0x00000000c5b00000, 0x00000000c5c00000)
AC   0  O    TS     0 PTAMS 0x00000000c5d00000 NTAMS 0x00000000c5d00000 space 1024K, 100% used [0x00000000c5c00000, 0x00000000c5d00000)
AC   0  O    TS     0 PTAMS 0x00000000c5e00000 NTAMS 0x00000000c5e00000 space 1024K, 100% used [0x00000000c5d00000, 0x00000000c5e00000)
AC   0  O    TS     0 PTAMS 0x00000000c5f00000 NTAMS 0x00000000c5f00000 space 1024K, 100% used [0x00000000c5e00000, 0x00000000c5f00000)
AC   0  O    TS     0 PTAMS 0x00000000c6000000 NTAMS 0x00000000c6000000 space 1024K, 100% used [0x00000000c5f00000, 0x00000000c6000000)
AC   0  O    TS     0 PTAMS 0x00000000c6100000 NTAMS 0x00000000c6100000 space 1024K, 100% used [0x00000000c6000000, 0x00000000c6100000)
AC   0  O    TS     0 PTAMS 0x00000000c6200000 NTAMS 0x00000000c6200000 space 1024K, 100% used [0x00000000c6100000, 0x00000000c6200000)
AC   0  F    TS     0 PTAMS 0x00000000c6200000 NTAMS 0x00000000c6200000 space 1024K,   0% used [0x00000000c6200000, 0x00000000c6300000)
AC   0  F    TS     0 PTAMS 0x00000000c6300000 NTAMS 0x00000000c6300000 space 1024K,   0% used [0x00000000c6300000, 0x00000000c6400000)
AC   0  F    TS     0 PTAMS 0x00000000c6400000 NTAMS 0x00000000c6400000 space 1024K,   0% used [0x00000000c6400000, 0x00000000c6500000)
AC   0  F    TS     0 PTAMS 0x00000000c6500000 NTAMS 0x00000000c6500000 space 1024K,   0% used [0x00000000c6500000, 0x00000000c6600000)
AC   0  F    TS     0 PTAMS 0x00000000c6600000 NTAMS 0x00000000c6600000 space 1024K,   0% used [0x00000000c6600000, 0x00000000c6700000)
AC   0  F    TS     0 PTAMS 0x00000000c6700000 NTAMS 0x00000000c6700000 space 1024K,   0% used [0x00000000c6700000, 0x00000000c6800000)
AC   0  F    TS     0 PTAMS 0x00000000c6800000 NTAMS 0x00000000c6800000 space 1024K,   0% used [0x00000000c6800000, 0x00000000c6900000)
AC   0  F    TS     0 PTAMS 0x00000000c6900000 NTAMS 0x00000000c6900000 space 1024K,   0% used [0x00000000c6900000, 0x00000000c6a00000)
AC   0  F    TS     0 PTAMS 0x00000000c6a00000 NTAMS 0x00000000c6a00000 space 1024K,   0% used [0x00000000c6a00000, 0x00000000c6b00000)
AC   0  O    TS     0 PTAMS 0x00000000c6c00000 NTAMS 0x00000000c6c00000 space 1024K, 100% used [0x00000000c6b00000, 0x00000000c6c00000)
AC   0  O    TS     0 PTAMS 0x00000000c6d00000 NTAMS 0x00000000c6d00000 space 1024K, 100% used [0x00000000c6c00000, 0x00000000c6d00000)
AC   0  O    TS     0 PTAMS 0x00000000c6e00000 NTAMS 0x00000000c6e00000 space 1024K, 100% used [0x00000000c6d00000, 0x00000000c6e00000)
AC   0  O    TS     0 PTAMS 0x00000000c6f00000 NTAMS 0x00000000c6f00000 space 1024K, 100% used [0x00000000c6e00000, 0x00000000c6f00000)
AC   0  O    TS     0 PTAMS 0x00000000c7000000 NTAMS 0x00000000c7000000 space 1024K, 100% used [0x00000000c6f00000, 0x00000000c7000000)
AC   0  O    TS     0 PTAMS 0x00000000c7100000 NTAMS 0x00000000c7100000 space 1024K, 100% used [0x00000000c7000000, 0x00000000c7100000)
AC   0  O    TS     0 PTAMS 0x00000000c7200000 NTAMS 0x00000000c7200000 space 1024K, 100% used [0x00000000c7100000, 0x00000000c7200000)
AC   0  O    TS     0 PTAMS 0x00000000c7300000 NTAMS 0x00000000c7300000 space 1024K, 100% used [0x00000000c7200000, 0x00000000c7300000)
AC   0  O    TS     0 PTAMS 0x00000000c7400000 NTAMS 0x00000000c7400000 space 1024K, 100% used [0x00000000c7300000, 0x00000000c7400000)
AC   0  O    TS     0 PTAMS 0x00000000c7500000 NTAMS 0x00000000c7500000 space 1024K, 100% used [0x00000000c7400000, 0x00000000c7500000)
AC   0  O    TS     0 PTAMS 0x00000000c7600000 NTAMS 0x00000000c7600000 space 1024K, 100% used [0x00000000c7500000, 0x00000000c7600000)
AC   0  O    TS     0 PTAMS 0x00000000c7700000 NTAMS 0x00000000c7700000 space 1024K, 100% used [0x00000000c7600000, 0x00000000c7700000)
AC   0  O    TS     0 PTAMS 0x00000000c7800000 NTAMS 0x00000000c7800000 space 1024K, 100% used [0x00000000c7700000, 0x00000000c7800000)
AC   0  O    TS     0 PTAMS 0x00000000c7900000 NTAMS 0x00000000c7900000 space 1024K, 100% used [0x00000000c7800000, 0x00000000c7900000)
AC   0  O    TS     0 PTAMS 0x00000000c7a00000 NTAMS 0x00000000c7a00000 space 1024K, 100% used [0x00000000c7900000, 0x00000000c7a00000)
AC   0  O    TS     0 PTAMS 0x00000000c7b00000 NTAMS 0x00000000c7b00000 space 1024K, 100% used [0x00000000c7a00000, 0x00000000c7b00000)
AC   0  O    TS     0 PTAMS 0x00000000c7c00000 NTAMS 0x00000000c7c00000 space 1024K, 100% used [0x00000000c7b00000, 0x00000000c7c00000)
AC   0  O    TS     0 PTAMS 0x00000000c7d00000 NTAMS 0x00000000c7d00000 space 1024K, 100% used [0x00000000c7c00000, 0x00000000c7d00000)
AC   0  O    TS     0 PTAMS 0x00000000c7e00000 NTAMS 0x00000000c7e00000 space 1024K, 100% used [0x00000000c7d00000, 0x00000000c7e00000)
AC   0  O    TS     0 PTAMS 0x00000000c7e80008 NTAMS 0x00000000c7e80008 space 1024K,  50% used [0x00000000c7e00000, 0x00000000c7f00000)
AC   0 HS    TS     0 PTAMS 0x00000000c7f00000 NTAMS 0x00000000c7f00000 space 9216K,  88% used [0x00000000c7f00000, 0x00000000c8800000)
AC   0 HC    TS     0 PTAMS 0x00000000c8000000 NTAMS 0x00000000c8000000 space 1024K, 100% used [0x00000000c8000000, 0x00000000c8100000)
AC   0 HC    TS     0 PTAMS 0x00000000c8100000 NTAMS 0x00000000c8100000 space 1024K, 100% used [0x00000000c8100000, 0x00000000c8200000)
AC   0 HC    TS     0 PTAMS 0x00000000c8200000 NTAMS 0x00000000c8200000 space 1024K, 100% used [0x00000000c8200000, 0x00000000c8300000)
AC   0 HC    TS     0 PTAMS 0x00000000c8300000 NTAMS 0x00000000c8300000 space 1024K, 100% used [0x00000000c8300000, 0x00000000c8400000)
AC   0 HC    TS     0 PTAMS 0x00000000c8400000 NTAMS 0x00000000c8400000 space 1024K, 100% used [0x00000000c8400000, 0x00000000c8500000)
AC   0 HC    TS     0 PTAMS 0x00000000c8500000 NTAMS 0x00000000c8500000 space 1024K, 100% used [0x00000000c8500000, 0x00000000c8600000)
AC   0 HC    TS     0 PTAMS 0x00000000c8600000 NTAMS 0x00000000c8600000 space 1024K, 100% used [0x00000000c8600000, 0x00000000c8700000)
AC   0 HC    TS     0 PTAMS 0x00000000c8700000 NTAMS 0x00000000c8700000 space 1024K,   0% used [0x00000000c8700000, 0x00000000c8800000)
AC   0  F    TS     0 PTAMS 0x00000000c8800000 NTAMS 0x00000000c8800000 space 1024K,   0% used [0x00000000c8800000, 0x00000000c8900000)
AC   0  F    TS     0 PTAMS 0x00000000c8900000 NTAMS 0x00000000c8900000 space 1024K,   0% used [0x00000000c8900000, 0x00000000c8a00000)
AC   0  F    TS     0 PTAMS 0x00000000c8a00000 NTAMS 0x00000000c8a00000 space 1024K,   0% used [0x00000000c8a00000, 0x00000000c8b00000)
AC   0  F    TS     0 PTAMS 0x00000000c8b00000 NTAMS 0x00000000c8b00000 space 1024K,   0% used [0x00000000c8b00000, 0x00000000c8c00000)
AC   0  F    TS     0 PTAMS 0x00000000c8c00000 NTAMS 0x00000000c8c00000 space 1024K,   0% used [0x00000000c8c00000, 0x00000000c8d00000)
AC   0  F    TS     0 PTAMS 0x00000000c8d00000 NTAMS 0x00000000c8d00000 space 1024K,   0% used [0x00000000c8d00000, 0x00000000c8e00000)
AC   0  F    TS     0 PTAMS 0x00000000c8e00000 NTAMS 0x00000000c8e00000 space 1024K,   0% used [0x00000000c8e00000, 0x00000000c8f00000)
AC   0  F    TS     0 PTAMS 0x00000000c8f00000 NTAMS 0x00000000c8f00000 space 1024K,   0% used [0x00000000c8f00000, 0x00000000c9000000)
AC   0  F    TS     0 PTAMS 0x00000000c9000000 NTAMS 0x00000000c9000000 space 1024K,   0% used [0x00000000c9000000, 0x00000000c9100000)
AC   0  F    TS     0 PTAMS 0x00000000c9100000 NTAMS 0x00000000c9100000 space 1024K,   0% used [0x00000000c9100000, 0x00000000c9200000)
AC   0  F    TS     0 PTAMS 0x00000000c9200000 NTAMS 0x00000000c9200000 space 1024K,   0% used [0x00000000c9200000, 0x00000000c9300000)
AC   0  F    TS     0 PTAMS 0x00000000c9300000 NTAMS 0x00000000c9300000 space 1024K,   0% used [0x00000000c9300000, 0x00000000c9400000)
AC   0  F    TS     0 PTAMS 0x00000000c9400000 NTAMS 0x00000000c9400000 space 1024K,   0% used [0x00000000c9400000, 0x00000000c9500000)
AC   0  F    TS     0 PTAMS 0x00000000c9500000 NTAMS 0x00000000c9500000 space 1024K,   0% used [0x00000000c9500000, 0x00000000c9600000)
AC   0  F    TS     0 PTAMS 0x00000000c9600000 NTAMS 0x00000000c9600000 space 1024K,   0% used [0x00000000c9600000, 0x00000000c9700000)
AC   0  F    TS     0 PTAMS 0x00000000c9700000 NTAMS 0x00000000c9700000 space 1024K,   0% used [0x00000000c9700000, 0x00000000c9800000)
AC   0  F    TS     0 PTAMS 0x00000000c9800000 NTAMS 0x00000000c9800000 space 1024K,   0% used [0x00000000c9800000, 0x00000000c9900000)
AC   0  F    TS     0 PTAMS 0x00000000c9900000 NTAMS 0x00000000c9900000 space 1024K,   0% used [0x00000000c9900000, 0x00000000c9a00000)
AC   0  F    TS     0 PTAMS 0x00000000c9a00000 NTAMS 0x00000000c9a00000 space 1024K,   0% used [0x00000000c9a00000, 0x00000000c9b00000)
AC   0  F    TS     0 PTAMS 0x00000000c9b00000 NTAMS 0x00000000c9b00000 space 1024K,   0% used [0x00000000c9b00000, 0x00000000c9c00000)
AC   0  F    TS     0 PTAMS 0x00000000c9c00000 NTAMS 0x00000000c9c00000 space 1024K,   0% used [0x00000000c9c00000, 0x00000000c9d00000)
AC   0  F    TS     0 PTAMS 0x00000000c9d00000 NTAMS 0x00000000c9d00000 space 1024K,   0% used [0x00000000c9d00000, 0x00000000c9e00000)
AC   0  F    TS     0 PTAMS 0x00000000c9e00000 NTAMS 0x00000000c9e00000 space 1024K,   0% used [0x00000000c9e00000, 0x00000000c9f00000)
AC   0  F    TS     0 PTAMS 0x00000000c9f00000 NTAMS 0x00000000c9f00000 space 1024K,   0% used [0x00000000c9f00000, 0x00000000ca000000)
AC   0  F    TS     0 PTAMS 0x00000000ca000000 NTAMS 0x00000000ca000000 space 1024K,   0% used [0x00000000ca000000, 0x00000000ca100000)
AC   0  F    TS     0 PTAMS 0x00000000ca100000 NTAMS 0x00000000ca100000 space 1024K,   0% used [0x00000000ca100000, 0x00000000ca200000)
AC   0  F    TS     0 PTAMS 0x00000000ca200000 NTAMS 0x00000000ca200000 space 1024K,   0% used [0x00000000ca200000, 0x00000000ca300000)
AC   0  F    TS     0 PTAMS 0x00000000ca300000 NTAMS 0x00000000ca300000 space 1024K,   0% used [0x00000000ca300000, 0x00000000ca400000)
AC   0  S CS TS     0 PTAMS 0x00000000ca400000 NTAMS 0x00000000ca400000 space 1024K,  49% used [0x00000000ca400000, 0x00000000ca500000)
AC   0  S CS TS     0 PTAMS 0x00000000ca500000 NTAMS 0x00000000ca500000 space 1024K, 100% used [0x00000000ca500000, 0x00000000ca600000)
AC   0  S CS TS     0 PTAMS 0x00000000ca600000 NTAMS 0x00000000ca600000 space 1024K, 100% used [0x00000000ca600000, 0x00000000ca700000)
AC   0  S CS TS     0 PTAMS 0x00000000ca700000 NTAMS 0x00000000ca700000 space 1024K, 100% used [0x00000000ca700000, 0x00000000ca800000)
AC   0  S CS TS     0 PTAMS 0x00000000ca800000 NTAMS 0x00000000ca800000 space 1024K, 100% used [0x00000000ca800000, 0x00000000ca900000)
AC   0  S CS TS     0 PTAMS 0x00000000ca900000 NTAMS 0x00000000ca900000 space 1024K, 100% used [0x00000000ca900000, 0x00000000caa00000)
AC   0  S CS TS     0 PTAMS 0x00000000caa00000 NTAMS 0x00000000caa00000 space 1024K, 100% used [0x00000000caa00000, 0x00000000cab00000)
AC   0  S CS TS     0 PTAMS 0x00000000cab00000 NTAMS 0x00000000cab00000 space 1024K, 100% used [0x00000000cab00000, 0x00000000cac00000)
AC   0  S CS TS     0 PTAMS 0x00000000cac00000 NTAMS 0x00000000cac00000 space 1024K, 100% used [0x00000000cac00000, 0x00000000cad00000)
AC   0  S CS TS     0 PTAMS 0x00000000cad00000 NTAMS 0x00000000cad00000 space 1024K, 100% used [0x00000000cad00000, 0x00000000cae00000)
AC   0  S CS TS     0 PTAMS 0x00000000cae00000 NTAMS 0x00000000cae00000 space 1024K, 100% used [0x00000000cae00000, 0x00000000caf00000)
AC   0  F    TS     0 PTAMS 0x00000000caf00000 NTAMS 0x00000000caf00000 space 1024K,   0% used [0x00000000caf00000, 0x00000000cb000000)
AC   0  F    TS     0 PTAMS 0x00000000cb000000 NTAMS 0x00000000cb000000 space 1024K,   0% used [0x00000000cb000000, 0x00000000cb100000)
AC   0  F    TS     0 PTAMS 0x00000000cb100000 NTAMS 0x00000000cb100000 space 1024K,   0% used [0x00000000cb100000, 0x00000000cb200000)
AC   0  F    TS     0 PTAMS 0x00000000cb200000 NTAMS 0x00000000cb200000 space 1024K,   0% used [0x00000000cb200000, 0x00000000cb300000)
AC   0  F    TS     0 PTAMS 0x00000000cb300000 NTAMS 0x00000000cb300000 space 1024K,   0% used [0x00000000cb300000, 0x00000000cb400000)
AC   0  F    TS     0 PTAMS 0x00000000cb400000 NTAMS 0x00000000cb400000 space 1024K,   0% used [0x00000000cb400000, 0x00000000cb500000)
AC   0  F    TS     0 PTAMS 0x00000000cb500000 NTAMS 0x00000000cb500000 space 1024K,   0% used [0x00000000cb500000, 0x00000000cb600000)
AC   0  F    TS     0 PTAMS 0x00000000cb600000 NTAMS 0x00000000cb600000 space 1024K,   0% used [0x00000000cb600000, 0x00000000cb700000)
AC   0  F    TS     0 PTAMS 0x00000000cb700000 NTAMS 0x00000000cb700000 space 1024K,   0% used [0x00000000cb700000, 0x00000000cb800000)
AC   0  F    TS     0 PTAMS 0x00000000cb800000 NTAMS 0x00000000cb800000 space 1024K,   0% used [0x00000000cb800000, 0x00000000cb900000)
AC   0  F    TS     0 PTAMS 0x00000000cb900000 NTAMS 0x00000000cb900000 space 1024K,   0% used [0x00000000cb900000, 0x00000000cba00000)
AC   0  F    TS     0 PTAMS 0x00000000cba00000 NTAMS 0x00000000cba00000 space 1024K,   0% used [0x00000000cba00000, 0x00000000cbb00000)
AC   0  F    TS     0 PTAMS 0x00000000cbb00000 NTAMS 0x00000000cbb00000 space 1024K,   0% used [0x00000000cbb00000, 0x00000000cbc00000)
AC   0  F    TS     0 PTAMS 0x00000000cbc00000 NTAMS 0x00000000cbc00000 space 1024K,   0% used [0x00000000cbc00000, 0x00000000cbd00000)
AC   0  F    TS     0 PTAMS 0x00000000cbd00000 NTAMS 0x00000000cbd00000 space 1024K,   0% used [0x00000000cbd00000, 0x00000000cbe00000)
AC   0  F    TS     0 PTAMS 0x00000000cbe00000 NTAMS 0x00000000cbe00000 space 1024K,   0% used [0x00000000cbe00000, 0x00000000cbf00000)
AC   0  F    TS     0 PTAMS 0x00000000cbf00000 NTAMS 0x00000000cbf00000 space 1024K,   0% used [0x00000000cbf00000, 0x00000000cc000000)
AC   0  F    TS     0 PTAMS 0x00000000cc000000 NTAMS 0x00000000cc000000 space 1024K,   0% used [0x00000000cc000000, 0x00000000cc100000)
AC   0  F    TS     0 PTAMS 0x00000000cc100000 NTAMS 0x00000000cc100000 space 1024K,   0% used [0x00000000cc100000, 0x00000000cc200000)
AC   0  F    TS     0 PTAMS 0x00000000cc200000 NTAMS 0x00000000cc200000 space 1024K,   0% used [0x00000000cc200000, 0x00000000cc300000)
AC   0  F    TS     0 PTAMS 0x00000000cc300000 NTAMS 0x00000000cc300000 space 1024K,   0% used [0x00000000cc300000, 0x00000000cc400000)
AC   0  F    TS     0 PTAMS 0x00000000cc400000 NTAMS 0x00000000cc400000 space 1024K,   0% used [0x00000000cc400000, 0x00000000cc500000)
AC   0  F    TS     0 PTAMS 0x00000000cc500000 NTAMS 0x00000000cc500000 space 1024K,   0% used [0x00000000cc500000, 0x00000000cc600000)
AC   0  F    TS     0 PTAMS 0x00000000cc600000 NTAMS 0x00000000cc600000 space 1024K,   0% used [0x00000000cc600000, 0x00000000cc700000)
AC   0  F    TS     0 PTAMS 0x00000000cc700000 NTAMS 0x00000000cc700000 space 1024K,   0% used [0x00000000cc700000, 0x00000000cc800000)
AC   0  F    TS     0 PTAMS 0x00000000cc800000 NTAMS 0x00000000cc800000 space 1024K,   0% used [0x00000000cc800000, 0x00000000cc900000)
AC   0  F    TS     0 PTAMS 0x00000000cc900000 NTAMS 0x00000000cc900000 space 1024K,   0% used [0x00000000cc900000, 0x00000000cca00000)
AC   0  F    TS     0 PTAMS 0x00000000cca00000 NTAMS 0x00000000cca00000 space 1024K,   0% used [0x00000000cca00000, 0x00000000ccb00000)
AC   0  F    TS     0 PTAMS 0x00000000ccb00000 NTAMS 0x00000000ccb00000 space 1024K,   0% used [0x00000000ccb00000, 0x00000000ccc00000)
AC   0  F    TS     0 PTAMS 0x00000000ccc00000 NTAMS 0x00000000ccc00000 space 1024K,   0% used [0x00000000ccc00000, 0x00000000ccd00000)
AC   0  F    TS     0 PTAMS 0x00000000ccd00000 NTAMS 0x00000000ccd00000 space 1024K,   0% used [0x00000000ccd00000, 0x00000000cce00000)
AC   0  F    TS     0 PTAMS 0x00000000cce00000 NTAMS 0x00000000cce00000 space 1024K,   0% used [0x00000000cce00000, 0x00000000ccf00000)
AC   0  F    TS     0 PTAMS 0x00000000ccf00000 NTAMS 0x00000000ccf00000 space 1024K,   0% used [0x00000000ccf00000, 0x00000000cd000000)
AC   0  F    TS     0 PTAMS 0x00000000cd000000 NTAMS 0x00000000cd000000 space 1024K,   0% used [0x00000000cd000000, 0x00000000cd100000)
AC   0  F    TS     0 PTAMS 0x00000000cd100000 NTAMS 0x00000000cd100000 space 1024K,   0% used [0x00000000cd100000, 0x00000000cd200000)
AC   0  F    TS     0 PTAMS 0x00000000cd200000 NTAMS 0x00000000cd200000 space 1024K,   0% used [0x00000000cd200000, 0x00000000cd300000)
AC   0  F    TS     0 PTAMS 0x00000000cd300000 NTAMS 0x00000000cd300000 space 1024K,   0% used [0x00000000cd300000, 0x00000000cd400000)
AC   0  F    TS     0 PTAMS 0x00000000cd400000 NTAMS 0x00000000cd400000 space 1024K,   0% used [0x00000000cd400000, 0x00000000cd500000)
AC   0  F    TS     0 PTAMS 0x00000000cd500000 NTAMS 0x00000000cd500000 space 1024K,   0% used [0x00000000cd500000, 0x00000000cd600000)
AC   0  F    TS     0 PTAMS 0x00000000cd600000 NTAMS 0x00000000cd600000 space 1024K,   0% used [0x00000000cd600000, 0x00000000cd700000)
AC   0  E    TS     0 PTAMS 0x00000000cd700000 NTAMS 0x00000000cd700000 space 1024K,  62% used [0x00000000cd700000, 0x00000000cd800000)
AC   0  E CS TS     0 PTAMS 0x00000000cd800000 NTAMS 0x00000000cd800000 space 1024K, 100% used [0x00000000cd800000, 0x00000000cd900000)
AC   0  E CS TS     0 PTAMS 0x00000000cd900000 NTAMS 0x00000000cd900000 space 1024K, 100% used [0x00000000cd900000, 0x00000000cda00000)
AC   0  E CS TS     0 PTAMS 0x00000000cda00000 NTAMS 0x00000000cda00000 space 1024K, 100% used [0x00000000cda00000, 0x00000000cdb00000)
AC   0  E CS TS     0 PTAMS 0x00000000cdb00000 NTAMS 0x00000000cdb00000 space 1024K, 100% used [0x00000000cdb00000, 0x00000000cdc00000)
AC   0  E CS TS     0 PTAMS 0x00000000cdc00000 NTAMS 0x00000000cdc00000 space 1024K, 100% used [0x00000000cdc00000, 0x00000000cdd00000)
AC   0  E CS TS     0 PTAMS 0x00000000cdd00000 NTAMS 0x00000000cdd00000 space 1024K, 100% used [0x00000000cdd00000, 0x00000000cde00000)
AC   0  E CS TS     0 PTAMS 0x00000000cde00000 NTAMS 0x00000000cde00000 space 1024K, 100% used [0x00000000cde00000, 0x00000000cdf00000)
AC   0  E CS TS     0 PTAMS 0x00000000cdf00000 NTAMS 0x00000000cdf00000 space 1024K, 100% used [0x00000000cdf00000, 0x00000000ce000000)
AC   0  E CS TS     0 PTAMS 0x00000000ce000000 NTAMS 0x00000000ce000000 space 1024K, 100% used [0x00000000ce000000, 0x00000000ce100000)
AC   0  E CS TS     0 PTAMS 0x00000000ce100000 NTAMS 0x00000000ce100000 space 1024K, 100% used [0x00000000ce100000, 0x00000000ce200000)
AC   0  E CS TS     0 PTAMS 0x00000000ce200000 NTAMS 0x00000000ce200000 space 1024K, 100% used [0x00000000ce200000, 0x00000000ce300000)
AC   0  E CS TS     0 PTAMS 0x00000000ce300000 NTAMS 0x00000000ce300000 space 1024K, 100% used [0x00000000ce300000, 0x00000000ce400000)
AC   0  E CS TS     0 PTAMS 0x00000000ce400000 NTAMS 0x00000000ce400000 space 1024K, 100% used [0x00000000ce400000, 0x00000000ce500000)
AC   0  E CS TS     0 PTAMS 0x00000000ce500000 NTAMS 0x00000000ce500000 space 1024K, 100% used [0x00000000ce500000, 0x00000000ce600000)
AC   0  E CS TS     0 PTAMS 0x00000000ce600000 NTAMS 0x00000000ce600000 space 1024K, 100% used [0x00000000ce600000, 0x00000000ce700000)
AC   0  E CS TS     0 PTAMS 0x00000000ce700000 NTAMS 0x00000000ce700000 space 1024K, 100% used [0x00000000ce700000, 0x00000000ce800000)
AC   0  E CS TS     0 PTAMS 0x00000000ce800000 NTAMS 0x00000000ce800000 space 1024K, 100% used [0x00000000ce800000, 0x00000000ce900000)
AC   0  E CS TS     0 PTAMS 0x00000000ce900000 NTAMS 0x00000000ce900000 space 1024K, 100% used [0x00000000ce900000, 0x00000000cea00000)
AC   0  E CS TS     0 PTAMS 0x00000000cea00000 NTAMS 0x00000000cea00000 space 1024K, 100% used [0x00000000cea00000, 0x00000000ceb00000)
AC   0  E CS TS     0 PTAMS 0x00000000ceb00000 NTAMS 0x00000000ceb00000 space 1024K, 100% used [0x00000000ceb00000, 0x00000000cec00000)
AC   0  E CS TS     0 PTAMS 0x00000000cec00000 NTAMS 0x00000000cec00000 space 1024K, 100% used [0x00000000cec00000, 0x00000000ced00000)
AC   0  E CS TS     0 PTAMS 0x00000000ced00000 NTAMS 0x00000000ced00000 space 1024K, 100% used [0x00000000ced00000, 0x00000000cee00000)
AC   0  E CS TS     0 PTAMS 0x00000000cee00000 NTAMS 0x00000000cee00000 space 1024K, 100% used [0x00000000cee00000, 0x00000000cef00000)
AC   0  E CS TS     0 PTAMS 0x00000000cef00000 NTAMS 0x00000000cef00000 space 1024K, 100% used [0x00000000cef00000, 0x00000000cf000000)
AC   0  E CS TS     0 PTAMS 0x00000000cf000000 NTAMS 0x00000000cf000000 space 1024K, 100% used [0x00000000cf000000, 0x00000000cf100000)
AC   0  E CS TS     0 PTAMS 0x00000000cf100000 NTAMS 0x00000000cf100000 space 1024K, 100% used [0x00000000cf100000, 0x00000000cf200000)
AC   0  E CS TS     0 PTAMS 0x00000000cf200000 NTAMS 0x00000000cf200000 space 1024K, 100% used [0x00000000cf200000, 0x00000000cf300000)
AC   0  E CS TS     0 PTAMS 0x00000000cf300000 NTAMS 0x00000000cf300000 space 1024K, 100% used [0x00000000cf300000, 0x00000000cf400000)
AC   0  E CS TS     0 PTAMS 0x00000000cf400000 NTAMS 0x00000000cf400000 space 1024K, 100% used [0x00000000cf400000, 0x00000000cf500000)
AC   0  E CS TS     0 PTAMS 0x00000000cf500000 NTAMS 0x00000000cf500000 space 1024K, 100% used [0x00000000cf500000, 0x00000000cf600000)
AC   0  E CS TS     0 PTAMS 0x00000000cf600000 NTAMS 0x00000000cf600000 space 1024K, 100% used [0x00000000cf600000, 0x00000000cf700000)
AC   0  E CS TS     0 PTAMS 0x00000000cf700000 NTAMS 0x00000000cf700000 space 1024K, 100% used [0x00000000cf700000, 0x00000000cf800000)
AC   0  E CS TS     0 PTAMS 0x00000000cf800000 NTAMS 0x00000000cf800000 space 1024K, 100% used [0x00000000cf800000, 0x00000000cf900000)
AC   0  E CS TS     0 PTAMS 0x00000000cf900000 NTAMS 0x00000000cf900000 space 1024K, 100% used [0x00000000cf900000, 0x00000000cfa00000)
AC   0  E CS TS     0 PTAMS 0x00000000cfa00000 NTAMS 0x00000000cfa00000 space 1024K, 100% used [0x00000000cfa00000, 0x00000000cfb00000)
AC   0  E CS TS     0 PTAMS 0x00000000cfb00000 NTAMS 0x00000000cfb00000 space 1024K, 100% used [0x00000000cfb00000, 0x00000000cfc00000)
AC   0  E CS TS     0 PTAMS 0x00000000cfc00000 NTAMS 0x00000000cfc00000 space 1024K, 100% used [0x00000000cfc00000, 0x00000000cfd00000)
AC   0  E CS TS     0 PTAMS 0x00000000cfd00000 NTAMS 0x00000000cfd00000 space 1024K, 100% used [0x00000000cfd00000, 0x00000000cfe00000)
AC   0  E CS TS     0 PTAMS 0x00000000cfe00000 NTAMS 0x00000000cfe00000 space 1024K, 100% used [0x00000000cfe00000, 0x00000000cff00000)
AC   0  E CS TS     0 PTAMS 0x00000000cff00000 NTAMS 0x00000000cff00000 space 1024K, 100% used [0x00000000cff00000, 0x00000000d0000000)

Card table byte_map: [0x0000000013d90000,0x0000000013f90000] byte_map_base: 0x0000000013790000

Marking Bits (Prev, Next): (CMBitMap*) 0x00000000036e9ad0, (CMBitMap*) 0x00000000036e9a78
 Prev Bits: [0x0000000015190000, 0x0000000016190000)
 Next Bits: [0x0000000014190000, 0x0000000015190000)

Polling page: 0x00000000026c0000

CodeCache: size=245760Kb used=33449Kb max_used=33449Kb free=212310Kb
 bounds [0x0000000003890000, 0x0000000005970000, 0x0000000012890000]
 total_blobs=10791 nmethods=9898 adapters=801
 compilation: enabled

Compilation events (10 events):
Event: 270.935 Thread 0x0000000019497000 12039  s    4       org.eclipse.e4.core.internal.contexts.WeakGroupedListenerList::getListeners (107 bytes)
Event: 270.936 Thread 0x0000000019498800 nmethod 12036 0x000000000594ba10 code [0x000000000594bf80, 0x000000000594fb88]
Event: 270.936 Thread 0x0000000019498800 12041       3       org.eclipse.e4.core.internal.contexts.ContextChangeEvent::<init> (32 bytes)
Event: 270.936 Thread 0x0000000019498800 nmethod 12041 0x000000000594b110 code [0x000000000594b280, 0x000000000594b5b0]
Event: 270.936 Thread 0x0000000019498800 12040       3       org.eclipse.core.internal.preferences.PreferencesService::getBoolean (39 bytes)
Event: 270.937 Thread 0x0000000019498800 nmethod 12040 0x000000000594a6d0 code [0x000000000594a8a0, 0x000000000594ae78]
Event: 270.937 Thread 0x0000000019498800 12035       3       org.eclipse.e4.ui.workbench.renderers.swt.ToolBarManagerRenderer$2::changed (52 bytes)
Event: 270.941 Thread 0x0000000019498800 nmethod 12035 0x0000000005951c50 code [0x0000000005952100, 0x0000000005955af8]
Event: 270.941 Thread 0x0000000019498800 12037       3       org.eclipse.e4.ui.workbench.renderers.swt.ToolBarManagerRenderer$2$$Lambda$222/1468876586::get$Lambda (11 bytes)
Event: 270.941 Thread 0x0000000019498800 nmethod 12037 0x000000000594a0d0 code [0x000000000594a240, 0x000000000594a590]

GC Heap History (10 events):
Event: 27.319 GC heap before
{Heap before GC invocations=13 (full 0):
 garbage-first heap   total 262144K, used 220874K [0x00000000c0000000, 0x00000000c0100800, 0x0000000100000000)
  region size 1024K, 147 young (150528K), 19 survivors (19456K)
 Metaspace       used 91635K, capacity 101190K, committed 101320K, reserved 1136640K
  class space    used 11011K, capacity 13710K, committed 13796K, reserved 1048576K
Event: 27.381 GC heap after
Heap after GC invocations=14 (full 0):
 garbage-first heap   total 262144K, used 99863K [0x00000000c0000000, 0x00000000c0100800, 0x0000000100000000)
  region size 1024K, 16 young (16384K), 16 survivors (16384K)
 Metaspace       used 91635K, capacity 101190K, committed 101320K, reserved 1136640K
  class space    used 11011K, capacity 13710K, committed 13796K, reserved 1048576K
}
Event: 30.151 GC heap before
{Heap before GC invocations=14 (full 0):
 garbage-first heap   total 262144K, used 220738K [0x00000000c0000000, 0x00000000c0100800, 0x0000000100000000)
  region size 1024K, 131 young (134144K), 16 survivors (16384K)
 Metaspace       used 95626K, capacity 105460K, committed 105672K, reserved 1140736K
  class space    used 11564K, capacity 14272K, committed 14308K, reserved 1048576K
Event: 30.188 GC heap after
Heap after GC invocations=15 (full 0):
 garbage-first heap   total 262144K, used 102423K [0x00000000c0000000, 0x00000000c0100800, 0x0000000100000000)
  region size 1024K, 7 young (7168K), 7 survivors (7168K)
 Metaspace       used 95626K, capacity 105460K, committed 105672K, reserved 1140736K
  class space    used 11564K, capacity 14272K, committed 14308K, reserved 1048576K
}
Event: 257.920 GC heap before
{Heap before GC invocations=15 (full 0):
 garbage-first heap   total 262144K, used 229399K [0x00000000c0000000, 0x00000000c0100800, 0x0000000100000000)
  region size 1024K, 123 young (125952K), 7 survivors (7168K)
 Metaspace       used 97193K, capacity 107080K, committed 107336K, reserved 1142784K
  class space    used 11720K, capacity 14397K, committed 14436K, reserved 1048576K
Event: 257.952 GC heap after
Heap after GC invocations=16 (full 0):
 garbage-first heap   total 262144K, used 117271K [0x00000000c0000000, 0x00000000c0100800, 0x0000000100000000)
  region size 1024K, 14 young (14336K), 14 survivors (14336K)
 Metaspace       used 97193K, capacity 107080K, committed 107336K, reserved 1142784K
  class space    used 11720K, capacity 14397K, committed 14436K, reserved 1048576K
}
Event: 258.789 GC heap before
{Heap before GC invocations=16 (full 0):
 garbage-first heap   total 262144K, used 218647K [0x00000000c0000000, 0x00000000c0100800, 0x0000000100000000)
  region size 1024K, 113 young (115712K), 14 survivors (14336K)
 Metaspace       used 97249K, capacity 107240K, committed 107336K, reserved 1142784K
  class space    used 11728K, capacity 14429K, committed 14436K, reserved 1048576K
Event: 258.837 GC heap after
Heap after GC invocations=17 (full 0):
 garbage-first heap   total 262144K, used 128023K [0x00000000c0000000, 0x00000000c0100800, 0x0000000100000000)
  region size 1024K, 13 young (13312K), 13 survivors (13312K)
 Metaspace       used 97249K, capacity 107240K, committed 107336K, reserved 1142784K
  class space    used 11728K, capacity 14429K, committed 14436K, reserved 1048576K
}
Event: 259.788 GC heap before
{Heap before GC invocations=17 (full 0):
 garbage-first heap   total 262144K, used 209943K [0x00000000c0000000, 0x00000000c0100800, 0x0000000100000000)
  region size 1024K, 94 young (96256K), 13 survivors (13312K)
 Metaspace       used 97275K, capacity 107252K, committed 107336K, reserved 1142784K
  class space    used 11730K, capacity 14431K, committed 14436K, reserved 1048576K
Event: 259.835 GC heap after
Heap after GC invocations=18 (full 0):
 garbage-first heap   total 262144K, used 138263K [0x00000000c0000000, 0x00000000c0100800, 0x0000000100000000)
  region size 1024K, 11 young (11264K), 11 survivors (11264K)
 Metaspace       used 97275K, capacity 107252K, committed 107336K, reserved 1142784K
  class space    used 11730K, capacity 14431K, committed 14436K, reserved 1048576K
}

Deoptimization events (10 events):
Event: 260.112 Thread 0x0000000022a29800 Uncommon trap: reason=unstable_if action=reinterpret pc=0x00000000058a7394 method=org.eclipse.equinox.internal.p2.metadata.expression.CompoundIterator.positionNext()Z @ 74
Event: 260.302 Thread 0x0000000019422000 Uncommon trap: reason=unstable_if action=reinterpret pc=0x0000000003ad9978 method=java.lang.ref.Reference.tryHandlePending(Z)Z @ 20
Event: 269.507 Thread 0x0000000022a22000 Uncommon trap: reason=class_check action=maybe_recompile pc=0x000000000572f670 method=java.util.stream.FindOps$FindOp.evaluateSequential(Ljava/util/stream/PipelineHelper;Ljava/util/Spliterator;)Ljava/lang/Object; @ 14
Event: 269.507 Thread 0x0000000022a22000 Uncommon trap: reason=predicate action=maybe_recompile pc=0x00000000056ed5d8 method=java.util.stream.ReferencePipeline.forEachWithCancel(Ljava/util/Spliterator;Ljava/util/stream/Sink;)V @ 9
Event: 269.508 Thread 0x0000000022a22000 Uncommon trap: reason=class_check action=maybe_recompile pc=0x000000000572f670 method=java.util.stream.FindOps$FindOp.evaluateSequential(Ljava/util/stream/PipelineHelper;Ljava/util/Spliterator;)Ljava/lang/Object; @ 14
Event: 269.512 Thread 0x0000000022a22000 Uncommon trap: reason=class_check action=maybe_recompile pc=0x000000000572f670 method=java.util.stream.FindOps$FindOp.evaluateSequential(Ljava/util/stream/PipelineHelper;Ljava/util/Spliterator;)Ljava/lang/Object; @ 14
Event: 269.513 Thread 0x0000000022a22000 Uncommon trap: reason=class_check action=maybe_recompile pc=0x000000000572f670 method=java.util.stream.FindOps$FindOp.evaluateSequential(Ljava/util/stream/PipelineHelper;Ljava/util/Spliterator;)Ljava/lang/Object; @ 14
Event: 270.360 Thread 0x00000000036b1000 Uncommon trap: reason=null_check action=make_not_entrant pc=0x00000000052fadf0 method=org.eclipse.e4.core.internal.contexts.WeakGroupedListenerList.getListeners(Ljava/lang/String;)Ljava/util/Set; @ 58
Event: 270.725 Thread 0x0000000022a20800 Uncommon trap: reason=bimorphic action=maybe_recompile pc=0x0000000005722cf8 method=org.eclipse.core.runtime.SubMonitor$RootInfo.isCanceled()Z @ 4
Event: 270.725 Thread 0x0000000022a20800 Uncommon trap: reason=bimorphic action=maybe_recompile pc=0x0000000005722cf8 method=org.eclipse.core.runtime.SubMonitor$RootInfo.isCanceled()Z @ 4

Classes redefined (0 events):
No events

Internal exceptions (10 events):
Event: 236.738 Thread 0x0000000022a25800 Exception <a 'java/io/FileNotFoundException'> (0x00000000cf6029d8) thrown at [C:\re\workspace\8-2-build-windows-amd64-cygwin\jdk8u161\10277\hotspot\src\share\vm\prims\jni.cpp, line 709]
Event: 236.923 Thread 0x0000000022a21000 Exception <a 'java/lang/InterruptedException'> (0x00000000cf400000) thrown at [C:\re\workspace\8-2-build-windows-amd64-cygwin\jdk8u161\10277\hotspot\src\share\vm\runtime\objectMonitor.cpp, line 1684]
Event: 246.058 Thread 0x0000000022a28000 Exception <a 'java/lang/InterruptedException'> (0x00000000ceda59f8) thrown at [C:\re\workspace\8-2-build-windows-amd64-cygwin\jdk8u161\10277\hotspot\src\share\vm\runtime\objectMonitor.cpp, line 1684]
Event: 254.859 Thread 0x0000000022a24000 Exception <a 'java/lang/InterruptedException'> (0x00000000ce400800) thrown at [C:\re\workspace\8-2-build-windows-amd64-cygwin\jdk8u161\10277\hotspot\src\share\vm\runtime\objectMonitor.cpp, line 1684]
Event: 256.761 Thread 0x0000000022a27000 Exception <a 'java/net/UnknownHostException': download.eclipse.org> (0x00000000cef17040) thrown at [C:\re\workspace\8-2-build-windows-amd64-cygwin\jdk8u161\10277\hotspot\src\share\vm\prims\jni.cpp, line 735]
Event: 256.794 Thread 0x0000000022a29800 Exception <a 'java/lang/reflect/InvocationTargetException'> (0x00000000cd387310) thrown at [C:\re\workspace\8-2-build-windows-amd64-cygwin\jdk8u161\10277\hotspot\src\share\vm\runtime\reflection.cpp, line 1092]
Event: 256.896 Thread 0x0000000022a29800 Exception <a 'java/lang/reflect/InvocationTargetException'> (0x00000000cd3ab8b8) thrown at [C:\re\workspace\8-2-build-windows-amd64-cygwin\jdk8u161\10277\hotspot\src\share\vm\runtime\reflection.cpp, line 1092]
Event: 259.616 Thread 0x0000000022a29800 Exception <a 'java/lang/reflect/InvocationTargetException'> (0x00000000cb012fd8) thrown at [C:\re\workspace\8-2-build-windows-amd64-cygwin\jdk8u161\10277\hotspot\src\share\vm\runtime\reflection.cpp, line 1092]
Event: 260.067 Thread 0x0000000022a29800 Implicit null exception at 0x000000000587c5de to 0x000000000587d71d
Event: 270.360 Thread 0x00000000036b1000 Implicit null exception at 0x00000000052f5669 to 0x00000000052fadcd

Events (10 events):
Event: 270.759 Executing VM operation: RevokeBias
Event: 270.760 Executing VM operation: RevokeBias done
Event: 270.777 Executing VM operation: RevokeBias
Event: 270.777 Executing VM operation: RevokeBias done
Event: 270.793 Executing VM operation: RevokeBias
Event: 270.794 Executing VM operation: RevokeBias done
Event: 270.812 Executing VM operation: RevokeBias
Event: 270.812 Executing VM operation: RevokeBias done
Event: 270.844 Executing VM operation: RevokeBias
Event: 270.844 Executing VM operation: RevokeBias done


Dynamic libraries:
0x00007ff70a3a0000 - 0x00007ff70a40a000 	C:\Users\91957\eclipse\java-2019-09\eclipse\eclipse.exe
0x00007ff810d60000 - 0x00007ff810f50000 	C:\WINDOWS\SYSTEM32\ntdll.dll
0x00007ff80f5f0000 - 0x00007ff80f6a2000 	C:\WINDOWS\System32\KERNEL32.DLL
0x00007ff80e850000 - 0x00007ff80eaf5000 	C:\WINDOWS\System32\KERNELBASE.dll
0x00007ff80f420000 - 0x00007ff80f5b4000 	C:\WINDOWS\System32\USER32.dll
0x00007ff80eb50000 - 0x00007ff80eb71000 	C:\WINDOWS\System32\win32u.dll
0x00007ff810cf0000 - 0x00007ff810d16000 	C:\WINDOWS\System32\GDI32.dll
0x00007ff80ebd0000 - 0x00007ff80ed66000 	C:\WINDOWS\System32\gdi32full.dll
0x00007ff80ed70000 - 0x00007ff80ee0e000 	C:\WINDOWS\System32\msvcp_win.dll
0x00007ff80dcd0000 - 0x00007ff80ddca000 	C:\WINDOWS\System32\ucrtbase.dll
0x00007ffffba90000 - 0x00007ffffbd14000 	C:\WINDOWS\WinSxS\amd64_microsoft.windows.common-controls_6595b64144ccf1df_6.0.18362.1256_none_9e7e379be45e40e2\COMCTL32.dll
0x00007ff810240000 - 0x00007ff8102de000 	C:\WINDOWS\System32\msvcrt.dll
0x00007ff810680000 - 0x00007ff8109b6000 	C:\WINDOWS\System32\combase.dll
0x00007ff810360000 - 0x00007ff810480000 	C:\WINDOWS\System32\RPCRT4.dll
0x00007ff80de80000 - 0x00007ff80df01000 	C:\WINDOWS\System32\bcryptPrimitives.dll
0x00007ff80f5c0000 - 0x00007ff80f5ee000 	C:\WINDOWS\System32\IMM32.DLL
0x00007ff809ab0000 - 0x00007ff809ad9000 	C:\Users\91957\.p2\pool\plugins\org.eclipse.equinox.launcher.win32.win32.x86_64_1.1.1100.v20190907-0426\eclipse_1902.dll
0x00007ff80f7e0000 - 0x00007ff80f883000 	C:\WINDOWS\System32\ADVAPI32.dll
0x00007ff810490000 - 0x00007ff810527000 	C:\WINDOWS\System32\sechost.dll
0x00007ffffc910000 - 0x00007ffffc91a000 	C:\WINDOWS\SYSTEM32\VERSION.dll
0x00007ff80bfd0000 - 0x00007ff80c069000 	C:\WINDOWS\system32\uxtheme.dll
0x00007ff80f960000 - 0x00007ff80fa95000 	C:\WINDOWS\System32\MSCTF.dll
0x00007ff80f6b0000 - 0x00007ff80f775000 	C:\WINDOWS\System32\OLEAUT32.dll
0x00007ff80dc60000 - 0x00007ff80dc71000 	C:\WINDOWS\System32\kernel.appcore.dll
0x00007ff8029d0000 - 0x00007ff802a6e000 	C:\WINDOWS\System32\TextInputFramework.dll
0x00007ff8096a0000 - 0x00007ff8099ca000 	C:\WINDOWS\System32\CoreUIComponents.dll
0x00007ff80b430000 - 0x00007ff80b504000 	C:\WINDOWS\System32\CoreMessaging.dll
0x00007ff80f2a0000 - 0x00007ff80f349000 	C:\WINDOWS\System32\SHCORE.dll
0x00007ff80cc40000 - 0x00007ff80cc71000 	C:\WINDOWS\SYSTEM32\ntmarta.dll
0x00007ff809370000 - 0x00007ff8094c3000 	C:\WINDOWS\SYSTEM32\wintypes.dll
0x00007ff800b90000 - 0x00007ff800e37000 	C:\WINDOWS\System32\iertutil.dll
0x00000000699f0000 - 0x000000006a28f000 	C:\Program Files\Java\jdk1.8.0_161\jre\bin\server\jvm.dll
0x00007ff810ce0000 - 0x00007ff810ce8000 	C:\WINDOWS\System32\PSAPI.DLL
0x00007ffffa730000 - 0x00007ffffa739000 	C:\WINDOWS\SYSTEM32\WSOCK32.dll
0x00007ff80a220000 - 0x00007ff80a244000 	C:\WINDOWS\SYSTEM32\WINMM.dll
0x00007ff80f8f0000 - 0x00007ff80f95f000 	C:\WINDOWS\System32\WS2_32.dll
0x00007ff80a1f0000 - 0x00007ff80a21d000 	C:\WINDOWS\SYSTEM32\WINMMBASE.dll
0x00007ff80eb00000 - 0x00007ff80eb4a000 	C:\WINDOWS\System32\cfgmgr32.dll
0x0000000069910000 - 0x00000000699e2000 	C:\WINDOWS\SYSTEM32\MSVCR100.dll
0x0000000069900000 - 0x000000006990f000 	C:\Program Files\Java\jdk1.8.0_161\jre\bin\verify.dll
0x00000000698d0000 - 0x00000000698f9000 	C:\Program Files\Java\jdk1.8.0_161\jre\bin\java.dll
0x00000000698b0000 - 0x00000000698c6000 	C:\Program Files\Java\jdk1.8.0_161\jre\bin\zip.dll
0x00007ff80faa0000 - 0x00007ff810187000 	C:\WINDOWS\System32\SHELL32.dll
0x00007ff80e0c0000 - 0x00007ff80e841000 	C:\WINDOWS\System32\windows.storage.dll
0x00007ff80dca0000 - 0x00007ff80dcc3000 	C:\WINDOWS\System32\profapi.dll
0x00007ff80dc10000 - 0x00007ff80dc5a000 	C:\WINDOWS\System32\powrprof.dll
0x00007ff80dc00000 - 0x00007ff80dc10000 	C:\WINDOWS\System32\UMPDC.dll
0x00007ff80f890000 - 0x00007ff80f8e2000 	C:\WINDOWS\System32\shlwapi.dll
0x00007ff80eb80000 - 0x00007ff80eb97000 	C:\WINDOWS\System32\cryptsp.dll
0x00007ff80cf60000 - 0x00007ff80cf93000 	C:\WINDOWS\system32\rsaenh.dll
0x00007ff80eba0000 - 0x00007ff80ebc6000 	C:\WINDOWS\System32\bcrypt.dll
0x00007ff80dae0000 - 0x00007ff80db05000 	C:\WINDOWS\SYSTEM32\USERENV.dll
0x00007ff80d5c0000 - 0x00007ff80d5cc000 	C:\WINDOWS\SYSTEM32\CRYPTBASE.dll
0x0000000069890000 - 0x00000000698aa000 	C:\Program Files\Java\jdk1.8.0_161\jre\bin\net.dll
0x00007ff80d3f0000 - 0x00007ff80d457000 	C:\WINDOWS\system32\mswsock.dll
0x00007ff80d100000 - 0x00007ff80d13a000 	C:\WINDOWS\SYSTEM32\IPHLPAPI.DLL
0x00007ff8109c0000 - 0x00007ff8109c8000 	C:\WINDOWS\System32\NSI.dll
0x00007ff803c50000 - 0x00007ff803c66000 	C:\WINDOWS\SYSTEM32\dhcpcsvc6.DLL
0x00007ff803d20000 - 0x00007ff803d3c000 	C:\WINDOWS\SYSTEM32\dhcpcsvc.DLL
0x00007ff80d190000 - 0x00007ff80d25b000 	C:\WINDOWS\SYSTEM32\DNSAPI.dll
0x0000000069870000 - 0x0000000069881000 	C:\Program Files\Java\jdk1.8.0_161\jre\bin\nio.dll
0x00007fffdf4a0000 - 0x00007fffdf536000 	C:\Users\91957\eclipse\java-2019-09\eclipse\configuration\org.eclipse.osgi\381\0\.cp\swt-win32-4928r15.dll
0x00007ff810b80000 - 0x00007ff810cd7000 	C:\WINDOWS\System32\ole32.dll
0x00007ff8105b0000 - 0x00007ff810680000 	C:\WINDOWS\System32\COMDLG32.dll
0x00007ff80df70000 - 0x00007ff80e0b9000 	C:\WINDOWS\System32\CRYPT32.dll
0x00007ff80dc80000 - 0x00007ff80dc92000 	C:\WINDOWS\System32\MSASN1.dll
0x00007ffffc7f0000 - 0x00007ffffc879000 	C:\WINDOWS\SYSTEM32\WINSPOOL.DRV
0x00007ff802150000 - 0x00007ff802169000 	C:\WINDOWS\SYSTEM32\USP10.dll
0x00007ffff8690000 - 0x00007ffff8b65000 	C:\WINDOWS\SYSTEM32\WININET.dll
0x00007ff80b920000 - 0x00007ff80ba10000 	C:\WINDOWS\SYSTEM32\PROPSYS.dll
0x00007ff800410000 - 0x00007ff8005e6000 	C:\WINDOWS\SYSTEM32\urlmon.dll
0x00007ffffc900000 - 0x00007ffffc907000 	C:\WINDOWS\SYSTEM32\MSIMG32.dll
0x00007ff810190000 - 0x00007ff810232000 	C:\WINDOWS\System32\clbcatq.dll
0x00007ff8040f0000 - 0x00007ff8040fd000 	C:\WINDOWS\SYSTEM32\LINKINFO.dll
0x00007fffec3d0000 - 0x00007fffec566000 	C:\Windows\System32\TaskFlowDataEngine.dll
0x00007ffff6c80000 - 0x00007ffff71c5000 	C:\Windows\System32\cdp.dll
0x00007ff80a120000 - 0x00007ff80a1f0000 	C:\Windows\System32\dsreg.dll
0x00007ff80a090000 - 0x00007ff80a11a000 	C:\Windows\System32\msvcp110_win.dll
0x00007ffff52a0000 - 0x00007ffff531a000 	C:\Windows\System32\OneCoreCommonProxyStub.dll
0x00007ffff1f00000 - 0x00007ffff1f26000 	C:\Users\91957\eclipse\java-2019-09\eclipse\configuration\org.eclipse.osgi\381\0\.cp\swt-gdip-win32-4928r15.dll
0x00007ffffb450000 - 0x00007ffffb5f3000 	C:\WINDOWS\WinSxS\amd64_microsoft.windows.gdiplus_6595b64144ccf1df_1.1.18362.1256_none_cf692a813ef0bab0\gdiplus.dll
0x00007ff808f10000 - 0x00007ff8090bf000 	C:\WINDOWS\SYSTEM32\WindowsCodecs.dll
0x0000000180000000 - 0x0000000180012000 	C:\Users\91957\eclipse\java-2019-09\eclipse\configuration\org.eclipse.osgi\87\0\.cp\os\win32\x86_64\localfile_1_0_0.dll
0x00007ffffb7e0000 - 0x00007ffffb7f6000 	C:\WINDOWS\system32\napinsp.dll
0x00007ffffb7c0000 - 0x00007ffffb7da000 	C:\WINDOWS\system32\pnrpnsp.dll
0x00007ffffb7b0000 - 0x00007ffffb7be000 	C:\WINDOWS\System32\winrnr.dll
0x00007ff803dc0000 - 0x00007ff803ddc000 	C:\WINDOWS\system32\NLAapi.dll
0x00007ffffb790000 - 0x00007ffffb7a5000 	C:\WINDOWS\system32\wshbth.dll
0x00007ffffc8f0000 - 0x00007ffffc8fa000 	C:\Windows\System32\rasadhlp.dll
0x00007ff803b50000 - 0x00007ff803bc7000 	C:\WINDOWS\System32\fwpuclnt.dll
0x00007ffff3990000 - 0x00007ffff39a1000 	C:\Users\91957\eclipse\java-2019-09\eclipse\configuration\org.eclipse.osgi\90\0\.cp\jWinHttp-1.0.0.dll
0x00007ffffe2c0000 - 0x00007ffffe3b0000 	C:\WINDOWS\SYSTEM32\WINHTTP.dll
0x00007ffff95a0000 - 0x00007ffff9605000 	C:\WINDOWS\SYSTEM32\oleacc.dll
0x0000000069840000 - 0x0000000069864000 	C:\Program Files\Java\jdk1.8.0_161\jre\bin\sunec.dll
0x00007fffff9a0000 - 0x00007fffff9da000 	C:\WINDOWS\system32\dataexchange.dll
0x00007ff80a320000 - 0x00007ff80a4fd000 	C:\WINDOWS\system32\dcomp.dll
0x00007ff80ad70000 - 0x00007ff80afcb000 	C:\WINDOWS\system32\d3d11.dll
0x00007ff80c860000 - 0x00007ff80c94b000 	C:\WINDOWS\system32\dxgi.dll
0x00007ff80c760000 - 0x00007ff80c780000 	C:\WINDOWS\SYSTEM32\dxcore.dll
0x00007ff80bb90000 - 0x00007ff80bdf2000 	C:\WINDOWS\system32\twinapi.appcore.dll
0x00007ff80c180000 - 0x00007ff80c1a9000 	C:\WINDOWS\system32\RMCLIENT.dll
0x00007fffee6f0000 - 0x00007fffee731000 	C:\WINDOWS\system32\mlang.dll
0x00007fffee7c0000 - 0x00007fffeeabe000 	C:\WINDOWS\SYSTEM32\DWrite.dll
0x00007ffff18a0000 - 0x00007ffff1aa6000 	C:\WINDOWS\system32\explorerframe.dll
0x0000000069830000 - 0x000000006983b000 	C:\Program Files\Java\jdk1.8.0_161\jre\bin\sunmscapi.dll
0x00007ffff16e0000 - 0x00007ffff175f000 	C:\WINDOWS\SYSTEM32\ntshrui.dll
0x00007ff80db10000 - 0x00007ff80db47000 	C:\WINDOWS\SYSTEM32\SspiCli.dll
0x00007ffff62f0000 - 0x00007ffff6316000 	C:\WINDOWS\SYSTEM32\srvcli.dll
0x00007ff8094d0000 - 0x00007ff8094e2000 	C:\WINDOWS\SYSTEM32\cscapi.dll
0x00007ff803360000 - 0x00007ff8033e9000 	C:\WINDOWS\SYSTEM32\policymanager.dll
0x00007ff80a2a0000 - 0x00007ff80a2c3000 	C:\WINDOWS\SYSTEM32\edputil.dll

VM Arguments:
jvm_args: -Dosgi.requiredJavaVersion=1.8 -Dosgi.instance.area.default=@user.home/eclipse-workspace -XX:+UseG1GC -XX:+UseStringDeduplication -Dosgi.requiredJavaVersion=1.8 -Dosgi.dataAreaRequiresExplicitInit=true -Xms256m -Xmx1024m -Declipse.p2.max.threads=10 -Doomph.update.url=http://download.eclipse.org/oomph/updates/milestone/latest -Doomph.redirection.index.redirection=index:/->http://git.eclipse.org/c/oomph/org.eclipse.oomph.git/plain/setups/ 
java_command: <unknown>
java_class_path (initial): C:\Users\91957\eclipse\java-2019-09\eclipse\\plugins/org.eclipse.equinox.launcher_1.5.500.v20190715-1310.jar
Launcher Type: generic

Environment Variables:
PATH=C:/Program Files/Java/jdk1.8.0_161/bin/../jre/bin/server;C:/Program Files/Java/jdk1.8.0_161/bin/../jre/bin;C:/Program Files/Java/jdk1.8.0_161/bin/../jre/lib/amd64;C:\app\91957\product\11.2.0\dbhome_1\bin;C:\Program Files\Java\jdk1.8.0_161\bin;;C:\WINDOWS\system32;C:\WINDOWS;C:\WINDOWS\System32\Wbem;C:\WINDOWS\System32\WindowsPowerShell\v1.0\;C:\WINDOWS\System32\OpenSSH\;C:\Program Files\nodejs\;C:\Users\91957\.anaconda;C:\Users\91957\.anaconda\Library\mingw-w64\bin;C:\Users\91957\.anaconda\Library\usr\bin;C:\Users\91957\.anaconda\Library\bin;C:\Users\91957\.anaconda\Scripts;C:\Program Files\MySQL\MySQL Shell 8.0\bin\;C:\Program Files\Java\jdk1.8.0_161;C:\Users\91957\AppData\Local\Microsoft\WindowsApps;C:\Users\91957\AppData\Local\Programs\Microsoft VS Code\bin;C:\Users\91957\AppData\Roaming\npm;C:\Program Files\MongoDB\Server\4.4\bin;;C:\Users\91957\Desktop;
USERNAME=91957
OS=Windows_NT
PROCESSOR_IDENTIFIER=Intel64 Family 6 Model 142 Stepping 9, GenuineIntel



---------------  S Y S T E M  ---------------

OS: Windows 10.0 , 64 bit Build 18362 (10.0.18362.1110)

CPU:total 4 (initial active 4) (2 cores per cpu, 2 threads per core) family 6 model 142 stepping 9, cmov, cx8, fxsr, mmx, sse, sse2, sse3, ssse3, sse4.1, sse4.2, popcnt, avx, avx2, aes, clmul, erms, 3dnowpref, lzcnt, ht, tsc, tscinvbit, bmi1, bmi2, adx

Memory: 4k page, physical 4057112k(705220k free), swap 16640024k(3916k free)

vm_info: Java HotSpot(TM) 64-Bit Server VM (25.161-b12) for windows-amd64 JRE (1.8.0_161-b12), built on Dec 19 2017 17:52:25 by "java_re" with MS VC++ 10.0 (VS2010)

time: Mon Dec 14 19:14:34 2020
elapsed time: 271 seconds (0d 0h 4m 31s)

